2024-05-28 03:46:04,614 [Worker-1: Loading available Gradle versions] INFO  o.e.b.c.i.u.g.PublishedGradleVersions - Gradle version information cache is out-of-date. Trying to update.
2024-05-28 03:52:29,063 [Worker-38: Enabling Maven Dependency Management] INFO  o.e.m.c.i.l.LifecycleMappingFactory - Using org.eclipse.m2e.jdt.JarLifecycleMapping lifecycle mapping for MavenProject: kishorenair:selenium-java-api:0.0.1-SNAPSHOT @ C:\Users\k4kis\Desktop\AssurityProject-Kishore\APITestingDemo\pom.xml.
2024-05-28 03:52:29,986 [Worker-38: Enabling Maven Dependency Management] INFO  o.e.m.j.i.AbstractJavaProjectConfigurator - Adding source folder /APITestingDemo/src
2024-05-28 03:52:29,987 [Worker-38: Enabling Maven Dependency Management] INFO  o.e.m.j.i.AbstractJavaProjectConfigurator - Resources folder /APITestingDemo/src/main/resources overlaps with sources folder /APITestingDemo/src
2024-05-28 03:52:29,989 [Worker-38: Enabling Maven Dependency Management] INFO  o.e.m.j.i.AbstractJavaProjectConfigurator - Not adding source folder /APITestingDemo/src/test/java because it overlaps with /APITestingDemo/src
2024-05-28 03:52:29,990 [Worker-38: Enabling Maven Dependency Management] INFO  o.e.m.j.i.AbstractJavaProjectConfigurator - Resources folder /APITestingDemo/src/test/resources overlaps with sources folder /APITestingDemo/src
2024-05-28 03:52:30,199 [Worker-38: Enabling Maven Dependency Management] INFO  o.e.m.c.i.p.ProjectConfigurationManager - Update started
2024-05-28 03:52:30,996 [Worker-38: Enabling Maven Dependency Management] INFO  o.e.m.c.i.l.LifecycleMappingFactory - Using org.eclipse.m2e.jdt.JarLifecycleMapping lifecycle mapping for MavenProject: kishorenair:selenium-java-api:0.0.1-SNAPSHOT @ C:\Users\k4kis\Desktop\AssurityProject-Kishore\APITestingDemo\pom.xml.
2024-05-28 03:52:31,237 [Worker-38: Enabling Maven Dependency Management] INFO  o.e.m.j.i.AbstractJavaProjectConfigurator - Adding source folder /APITestingDemo/src
2024-05-28 03:52:31,238 [Worker-38: Enabling Maven Dependency Management] INFO  o.e.m.j.i.AbstractJavaProjectConfigurator - Resources folder /APITestingDemo/src/main/resources overlaps with sources folder /APITestingDemo/src
2024-05-28 03:52:31,238 [Worker-38: Enabling Maven Dependency Management] INFO  o.e.m.j.i.AbstractJavaProjectConfigurator - Not adding source folder /APITestingDemo/src/test/java because it overlaps with /APITestingDemo/src
2024-05-28 03:52:31,238 [Worker-38: Enabling Maven Dependency Management] INFO  o.e.m.j.i.AbstractJavaProjectConfigurator - Resources folder /APITestingDemo/src/test/resources overlaps with sources folder /APITestingDemo/src
2024-05-28 03:52:31,311 [Worker-38: Enabling Maven Dependency Management] INFO  o.e.m.c.i.p.ProjectConfigurationManager - Update completed for 1 poms: local refresh takes 0.00 sec, refresh facades takes 0.00 sec, update config takes 0.00 sec 
2024-05-28 03:52:31,433 [Worker-36: Building] WARN  o.a.m.s.f.DefaultMavenResourcesFiltering - Using platform encoding (Cp1252 actually) to copy filtered resources, i.e. build is platform dependent!
2024-05-28 03:52:31,434 [Worker-36: Building] INFO  o.a.m.s.f.DefaultMavenResourcesFiltering - skip non existing resourceDirectory C:\Users\k4kis\Desktop\AssurityProject-Kishore\APITestingDemo\src\main\resources
2024-05-28 03:52:31,439 [Worker-36: Building] WARN  o.a.m.s.f.DefaultMavenResourcesFiltering - Using platform encoding (Cp1252 actually) to copy filtered resources, i.e. build is platform dependent!
2024-05-28 03:52:31,440 [Worker-36: Building] INFO  o.a.m.s.f.DefaultMavenResourcesFiltering - skip non existing resourceDirectory C:\Users\k4kis\Desktop\AssurityProject-Kishore\APITestingDemo\src\test\resources
2024-05-28 03:52:44,830 [Worker-42: Building] INFO  o.e.m.c.i.l.LifecycleMappingFactory - Using org.eclipse.m2e.jdt.JarLifecycleMapping lifecycle mapping for MavenProject: kishorenair:selenium-java-api:0.0.1-SNAPSHOT @ C:\Users\k4kis\Desktop\AssurityProject-Kishore\APITestingDemo\pom.xml.
2024-05-28 03:52:45,063 [Worker-42: Building] WARN  o.a.m.s.f.DefaultMavenResourcesFiltering - Using platform encoding (Cp1252 actually) to copy filtered resources, i.e. build is platform dependent!
2024-05-28 03:52:45,065 [Worker-42: Building] INFO  o.a.m.s.f.DefaultMavenResourcesFiltering - skip non existing resourceDirectory C:\Users\k4kis\Desktop\AssurityProject-Kishore\APITestingDemo\src\main\resources
2024-05-28 03:52:45,070 [Worker-42: Building] WARN  o.a.m.s.f.DefaultMavenResourcesFiltering - Using platform encoding (Cp1252 actually) to copy filtered resources, i.e. build is platform dependent!
2024-05-28 03:52:45,073 [Worker-42: Building] INFO  o.a.m.s.f.DefaultMavenResourcesFiltering - skip non existing resourceDirectory C:\Users\k4kis\Desktop\AssurityProject-Kishore\APITestingDemo\src\test\resources
2024-05-28 03:53:19,903 [Worker-40: Building] INFO  o.e.m.c.i.l.LifecycleMappingFactory - Using org.eclipse.m2e.jdt.JarLifecycleMapping lifecycle mapping for MavenProject: kishorenair:selenium-java-api:0.0.1-SNAPSHOT @ C:\Users\k4kis\Desktop\AssurityProject-Kishore\APITestingDemo\pom.xml.
2024-05-28 03:53:20,606 [Worker-40: Building] WARN  o.a.m.s.f.DefaultMavenResourcesFiltering - Using platform encoding (Cp1252 actually) to copy filtered resources, i.e. build is platform dependent!
2024-05-28 03:53:20,608 [Worker-40: Building] INFO  o.a.m.s.f.DefaultMavenResourcesFiltering - skip non existing resourceDirectory C:\Users\k4kis\Desktop\AssurityProject-Kishore\APITestingDemo\src\main\resources
2024-05-28 03:53:20,613 [Worker-40: Building] WARN  o.a.m.s.f.DefaultMavenResourcesFiltering - Using platform encoding (Cp1252 actually) to copy filtered resources, i.e. build is platform dependent!
2024-05-28 03:53:20,615 [Worker-40: Building] INFO  o.a.m.s.f.DefaultMavenResourcesFiltering - skip non existing resourceDirectory C:\Users\k4kis\Desktop\AssurityProject-Kishore\APITestingDemo\src\test\resources
2024-05-28 03:53:42,463 [Worker-41: Building] INFO  o.e.m.c.i.l.LifecycleMappingFactory - Using org.eclipse.m2e.jdt.JarLifecycleMapping lifecycle mapping for MavenProject: kishorenair:selenium-java-api:0.0.1-SNAPSHOT @ C:\Users\k4kis\Desktop\AssurityProject-Kishore\APITestingDemo\pom.xml.
2024-05-28 03:53:43,360 [Worker-41: Building] WARN  o.a.m.s.f.DefaultMavenResourcesFiltering - Using platform encoding (Cp1252 actually) to copy filtered resources, i.e. build is platform dependent!
2024-05-28 03:53:43,362 [Worker-41: Building] INFO  o.a.m.s.f.DefaultMavenResourcesFiltering - skip non existing resourceDirectory C:\Users\k4kis\Desktop\AssurityProject-Kishore\APITestingDemo\src\main\resources
2024-05-28 03:53:43,365 [Worker-41: Building] WARN  o.a.m.s.f.DefaultMavenResourcesFiltering - Using platform encoding (Cp1252 actually) to copy filtered resources, i.e. build is platform dependent!
2024-05-28 03:53:43,366 [Worker-41: Building] INFO  o.a.m.s.f.DefaultMavenResourcesFiltering - skip non existing resourceDirectory C:\Users\k4kis\Desktop\AssurityProject-Kishore\APITestingDemo\src\test\resources
2024-05-28 03:53:53,407 [Worker-36: Building] INFO  o.e.m.c.i.l.LifecycleMappingFactory - Using org.eclipse.m2e.jdt.JarLifecycleMapping lifecycle mapping for MavenProject: kishorenair:selenium-java-api:0.0.1-SNAPSHOT @ C:\Users\k4kis\Desktop\AssurityProject-Kishore\APITestingDemo\pom.xml.
2024-05-28 03:53:54,370 [Worker-36: Building] WARN  o.a.m.s.f.DefaultMavenResourcesFiltering - Using platform encoding (Cp1252 actually) to copy filtered resources, i.e. build is platform dependent!
2024-05-28 03:53:54,372 [Worker-36: Building] INFO  o.a.m.s.f.DefaultMavenResourcesFiltering - skip non existing resourceDirectory C:\Users\k4kis\Desktop\AssurityProject-Kishore\APITestingDemo\src\main\resources
2024-05-28 03:53:54,377 [Worker-36: Building] WARN  o.a.m.s.f.DefaultMavenResourcesFiltering - Using platform encoding (Cp1252 actually) to copy filtered resources, i.e. build is platform dependent!
2024-05-28 03:53:54,379 [Worker-36: Building] INFO  o.a.m.s.f.DefaultMavenResourcesFiltering - skip non existing resourceDirectory C:\Users\k4kis\Desktop\AssurityProject-Kishore\APITestingDemo\src\test\resources
2024-05-28 03:54:06,524 [Worker-36: Building] INFO  o.e.m.c.i.l.LifecycleMappingFactory - Using org.eclipse.m2e.jdt.JarLifecycleMapping lifecycle mapping for MavenProject: kishorenair:selenium-java-api:0.0.1-SNAPSHOT @ C:\Users\k4kis\Desktop\AssurityProject-Kishore\APITestingDemo\pom.xml.
2024-05-28 03:54:07,712 [Worker-36: Building] WARN  o.a.m.s.f.DefaultMavenResourcesFiltering - Using platform encoding (Cp1252 actually) to copy filtered resources, i.e. build is platform dependent!
2024-05-28 03:54:07,714 [Worker-36: Building] INFO  o.a.m.s.f.DefaultMavenResourcesFiltering - skip non existing resourceDirectory C:\Users\k4kis\Desktop\AssurityProject-Kishore\APITestingDemo\src\main\resources
2024-05-28 03:54:07,719 [Worker-36: Building] WARN  o.a.m.s.f.DefaultMavenResourcesFiltering - Using platform encoding (Cp1252 actually) to copy filtered resources, i.e. build is platform dependent!
2024-05-28 03:54:07,721 [Worker-36: Building] INFO  o.a.m.s.f.DefaultMavenResourcesFiltering - skip non existing resourceDirectory C:\Users\k4kis\Desktop\AssurityProject-Kishore\APITestingDemo\src\test\resources
2024-05-28 03:54:17,920 [Worker-38: Building] INFO  o.e.m.c.i.l.LifecycleMappingFactory - Using org.eclipse.m2e.jdt.JarLifecycleMapping lifecycle mapping for MavenProject: kishorenair:selenium-java-api:0.0.1-SNAPSHOT @ C:\Users\k4kis\Desktop\AssurityProject-Kishore\APITestingDemo\pom.xml.
2024-05-28 03:54:18,997 [Worker-38: Building] WARN  o.a.m.s.f.DefaultMavenResourcesFiltering - Using platform encoding (Cp1252 actually) to copy filtered resources, i.e. build is platform dependent!
2024-05-28 03:54:18,998 [Worker-38: Building] INFO  o.a.m.s.f.DefaultMavenResourcesFiltering - skip non existing resourceDirectory C:\Users\k4kis\Desktop\AssurityProject-Kishore\APITestingDemo\src\main\resources
2024-05-28 03:54:19,003 [Worker-38: Building] WARN  o.a.m.s.f.DefaultMavenResourcesFiltering - Using platform encoding (Cp1252 actually) to copy filtered resources, i.e. build is platform dependent!
2024-05-28 03:54:19,004 [Worker-38: Building] INFO  o.a.m.s.f.DefaultMavenResourcesFiltering - skip non existing resourceDirectory C:\Users\k4kis\Desktop\AssurityProject-Kishore\APITestingDemo\src\test\resources
2024-05-28 03:54:57,236 [Worker-42: Building] WARN  o.a.m.s.f.DefaultMavenResourcesFiltering - Using platform encoding (Cp1252 actually) to copy filtered resources, i.e. build is platform dependent!
2024-05-28 03:54:57,239 [Worker-42: Building] INFO  o.a.m.s.f.DefaultMavenResourcesFiltering - skip non existing resourceDirectory C:\Users\k4kis\Desktop\AssurityProject-Kishore\APITestingDemo\src\main\resources
2024-05-28 03:54:57,245 [Worker-42: Building] WARN  o.a.m.s.f.DefaultMavenResourcesFiltering - Using platform encoding (Cp1252 actually) to copy filtered resources, i.e. build is platform dependent!
2024-05-28 03:54:57,247 [Worker-42: Building] INFO  o.a.m.s.f.DefaultMavenResourcesFiltering - skip non existing resourceDirectory C:\Users\k4kis\Desktop\AssurityProject-Kishore\APITestingDemo\src\test\resources
2024-05-28 03:55:30,988 [Worker-36: Building] WARN  o.a.m.s.f.DefaultMavenResourcesFiltering - Using platform encoding (Cp1252 actually) to copy filtered resources, i.e. build is platform dependent!
2024-05-28 03:55:30,990 [Worker-36: Building] INFO  o.a.m.s.f.DefaultMavenResourcesFiltering - skip non existing resourceDirectory C:\Users\k4kis\Desktop\AssurityProject-Kishore\APITestingDemo\src\main\resources
2024-05-28 03:55:30,994 [Worker-36: Building] WARN  o.a.m.s.f.DefaultMavenResourcesFiltering - Using platform encoding (Cp1252 actually) to copy filtered resources, i.e. build is platform dependent!
2024-05-28 03:55:30,997 [Worker-36: Building] INFO  o.a.m.s.f.DefaultMavenResourcesFiltering - skip non existing resourceDirectory C:\Users\k4kis\Desktop\AssurityProject-Kishore\APITestingDemo\src\test\resources
2024-05-28 03:56:58,649 [Worker-39: Building] WARN  o.a.m.s.f.DefaultMavenResourcesFiltering - Using platform encoding (Cp1252 actually) to copy filtered resources, i.e. build is platform dependent!
2024-05-28 03:56:58,651 [Worker-39: Building] INFO  o.a.m.s.f.DefaultMavenResourcesFiltering - skip non existing resourceDirectory C:\Users\k4kis\Desktop\AssurityProject-Kishore\APITestingDemo\src\main\resources
2024-05-28 03:56:58,654 [Worker-39: Building] WARN  o.a.m.s.f.DefaultMavenResourcesFiltering - Using platform encoding (Cp1252 actually) to copy filtered resources, i.e. build is platform dependent!
2024-05-28 03:56:58,656 [Worker-39: Building] INFO  o.a.m.s.f.DefaultMavenResourcesFiltering - skip non existing resourceDirectory C:\Users\k4kis\Desktop\AssurityProject-Kishore\APITestingDemo\src\test\resources
2024-05-28 14:23:10,746 [Worker-2: Loading available Gradle versions] INFO  o.e.b.c.i.u.g.PublishedGradleVersions - Gradle version information cache is up-to-date. Trying to read.
2024-05-28 14:25:19,596 [Worker-8: Building] WARN  o.a.m.s.f.DefaultMavenResourcesFiltering - Using platform encoding (Cp1252 actually) to copy filtered resources, i.e. build is platform dependent!
2024-05-28 14:25:19,598 [Worker-8: Building] INFO  o.a.m.s.f.DefaultMavenResourcesFiltering - skip non existing resourceDirectory C:\Users\k4kis\Desktop\AssurityProject-Kishore\APITestingDemo\src\main\resources
2024-05-28 14:25:19,602 [Worker-8: Building] WARN  o.a.m.s.f.DefaultMavenResourcesFiltering - Using platform encoding (Cp1252 actually) to copy filtered resources, i.e. build is platform dependent!
2024-05-28 14:25:19,603 [Worker-8: Building] INFO  o.a.m.s.f.DefaultMavenResourcesFiltering - skip non existing resourceDirectory C:\Users\k4kis\Desktop\AssurityProject-Kishore\APITestingDemo\src\test\resources
2024-05-28 14:25:35,780 [Worker-17: Building] WARN  o.a.m.s.f.DefaultMavenResourcesFiltering - Using platform encoding (Cp1252 actually) to copy filtered resources, i.e. build is platform dependent!
2024-05-28 14:25:35,781 [Worker-17: Building] INFO  o.a.m.s.f.DefaultMavenResourcesFiltering - skip non existing resourceDirectory C:\Users\k4kis\Desktop\AssurityProject-Kishore\APITestingDemo\src\main\resources
2024-05-28 14:25:35,784 [Worker-17: Building] WARN  o.a.m.s.f.DefaultMavenResourcesFiltering - Using platform encoding (Cp1252 actually) to copy filtered resources, i.e. build is platform dependent!
2024-05-28 14:25:35,785 [Worker-17: Building] INFO  o.a.m.s.f.DefaultMavenResourcesFiltering - skip non existing resourceDirectory C:\Users\k4kis\Desktop\AssurityProject-Kishore\APITestingDemo\src\test\resources
2024-05-28 14:25:55,958 [Worker-3: Building] WARN  o.a.m.s.f.DefaultMavenResourcesFiltering - Using platform encoding (Cp1252 actually) to copy filtered resources, i.e. build is platform dependent!
2024-05-28 14:25:55,960 [Worker-3: Building] INFO  o.a.m.s.f.DefaultMavenResourcesFiltering - skip non existing resourceDirectory C:\Users\k4kis\Desktop\AssurityProject-Kishore\APITestingDemo\src\main\resources
2024-05-28 14:25:55,963 [Worker-3: Building] WARN  o.a.m.s.f.DefaultMavenResourcesFiltering - Using platform encoding (Cp1252 actually) to copy filtered resources, i.e. build is platform dependent!
2024-05-28 14:25:55,964 [Worker-3: Building] INFO  o.a.m.s.f.DefaultMavenResourcesFiltering - skip non existing resourceDirectory C:\Users\k4kis\Desktop\AssurityProject-Kishore\APITestingDemo\src\test\resources
2024-05-28 14:26:09,108 [Worker-11: Building] WARN  o.a.m.s.f.DefaultMavenResourcesFiltering - Using platform encoding (Cp1252 actually) to copy filtered resources, i.e. build is platform dependent!
2024-05-28 14:26:09,109 [Worker-11: Building] INFO  o.a.m.s.f.DefaultMavenResourcesFiltering - skip non existing resourceDirectory C:\Users\k4kis\Desktop\AssurityProject-Kishore\APITestingDemo\src\main\resources
2024-05-28 14:26:09,111 [Worker-11: Building] WARN  o.a.m.s.f.DefaultMavenResourcesFiltering - Using platform encoding (Cp1252 actually) to copy filtered resources, i.e. build is platform dependent!
2024-05-28 14:26:09,112 [Worker-11: Building] INFO  o.a.m.s.f.DefaultMavenResourcesFiltering - skip non existing resourceDirectory C:\Users\k4kis\Desktop\AssurityProject-Kishore\APITestingDemo\src\test\resources
2024-05-28 14:35:28,161 [Worker-3: Building] WARN  o.a.m.s.f.DefaultMavenResourcesFiltering - Using platform encoding (Cp1252 actually) to copy filtered resources, i.e. build is platform dependent!
2024-05-28 14:35:28,163 [Worker-3: Building] INFO  o.a.m.s.f.DefaultMavenResourcesFiltering - skip non existing resourceDirectory C:\Users\k4kis\Desktop\AssurityProject-Kishore\APITestingDemo\src\main\resources
2024-05-28 14:35:28,166 [Worker-3: Building] WARN  o.a.m.s.f.DefaultMavenResourcesFiltering - Using platform encoding (Cp1252 actually) to copy filtered resources, i.e. build is platform dependent!
2024-05-28 14:35:28,167 [Worker-3: Building] INFO  o.a.m.s.f.DefaultMavenResourcesFiltering - skip non existing resourceDirectory C:\Users\k4kis\Desktop\AssurityProject-Kishore\APITestingDemo\src\test\resources
2024-05-28 14:36:10,481 [Worker-36: Building] WARN  o.a.m.s.f.DefaultMavenResourcesFiltering - Using platform encoding (Cp1252 actually) to copy filtered resources, i.e. build is platform dependent!
2024-05-28 14:36:10,482 [Worker-36: Building] INFO  o.a.m.s.f.DefaultMavenResourcesFiltering - skip non existing resourceDirectory C:\Users\k4kis\Desktop\AssurityProject-Kishore\APITestingDemo\src\main\resources
2024-05-28 14:36:10,484 [Worker-36: Building] WARN  o.a.m.s.f.DefaultMavenResourcesFiltering - Using platform encoding (Cp1252 actually) to copy filtered resources, i.e. build is platform dependent!
2024-05-28 14:36:10,486 [Worker-36: Building] INFO  o.a.m.s.f.DefaultMavenResourcesFiltering - skip non existing resourceDirectory C:\Users\k4kis\Desktop\AssurityProject-Kishore\APITestingDemo\src\test\resources
2024-05-28 14:36:51,623 [Worker-36: Building] WARN  o.a.m.s.f.DefaultMavenResourcesFiltering - Using platform encoding (Cp1252 actually) to copy filtered resources, i.e. build is platform dependent!
2024-05-28 14:36:51,624 [Worker-36: Building] INFO  o.a.m.s.f.DefaultMavenResourcesFiltering - skip non existing resourceDirectory C:\Users\k4kis\Desktop\AssurityProject-Kishore\APITestingDemo\src\main\resources
2024-05-28 14:36:51,627 [Worker-36: Building] WARN  o.a.m.s.f.DefaultMavenResourcesFiltering - Using platform encoding (Cp1252 actually) to copy filtered resources, i.e. build is platform dependent!
2024-05-28 14:36:51,628 [Worker-36: Building] INFO  o.a.m.s.f.DefaultMavenResourcesFiltering - skip non existing resourceDirectory C:\Users\k4kis\Desktop\AssurityProject-Kishore\APITestingDemo\src\test\resources
2024-05-28 14:38:47,991 [Worker-36: Building] WARN  o.a.m.s.f.DefaultMavenResourcesFiltering - Using platform encoding (Cp1252 actually) to copy filtered resources, i.e. build is platform dependent!
2024-05-28 14:38:47,993 [Worker-36: Building] INFO  o.a.m.s.f.DefaultMavenResourcesFiltering - skip non existing resourceDirectory C:\Users\k4kis\Desktop\AssurityProject-Kishore\APITestingDemo\src\main\resources
2024-05-28 14:38:47,999 [Worker-36: Building] WARN  o.a.m.s.f.DefaultMavenResourcesFiltering - Using platform encoding (Cp1252 actually) to copy filtered resources, i.e. build is platform dependent!
2024-05-28 14:38:48,001 [Worker-36: Building] INFO  o.a.m.s.f.DefaultMavenResourcesFiltering - skip non existing resourceDirectory C:\Users\k4kis\Desktop\AssurityProject-Kishore\APITestingDemo\src\test\resources
2024-05-28 14:38:55,399 [Worker-40: Building] WARN  o.a.m.s.f.DefaultMavenResourcesFiltering - Using platform encoding (Cp1252 actually) to copy filtered resources, i.e. build is platform dependent!
2024-05-28 14:38:55,400 [Worker-40: Building] INFO  o.a.m.s.f.DefaultMavenResourcesFiltering - skip non existing resourceDirectory C:\Users\k4kis\Desktop\AssurityProject-Kishore\APITestingDemo\src\main\resources
2024-05-28 14:38:55,401 [Worker-40: Building] WARN  o.a.m.s.f.DefaultMavenResourcesFiltering - Using platform encoding (Cp1252 actually) to copy filtered resources, i.e. build is platform dependent!
2024-05-28 14:38:55,402 [Worker-40: Building] INFO  o.a.m.s.f.DefaultMavenResourcesFiltering - skip non existing resourceDirectory C:\Users\k4kis\Desktop\AssurityProject-Kishore\APITestingDemo\src\test\resources
2024-05-28 14:39:36,532 [Worker-36: Building] WARN  o.a.m.s.f.DefaultMavenResourcesFiltering - Using platform encoding (Cp1252 actually) to copy filtered resources, i.e. build is platform dependent!
2024-05-28 14:39:36,533 [Worker-36: Building] INFO  o.a.m.s.f.DefaultMavenResourcesFiltering - skip non existing resourceDirectory C:\Users\k4kis\Desktop\AssurityProject-Kishore\APITestingDemo\src\main\resources
2024-05-28 14:39:36,535 [Worker-36: Building] WARN  o.a.m.s.f.DefaultMavenResourcesFiltering - Using platform encoding (Cp1252 actually) to copy filtered resources, i.e. build is platform dependent!
2024-05-28 14:39:36,536 [Worker-36: Building] INFO  o.a.m.s.f.DefaultMavenResourcesFiltering - skip non existing resourceDirectory C:\Users\k4kis\Desktop\AssurityProject-Kishore\APITestingDemo\src\test\resources
2024-05-28 14:40:02,346 [Worker-40: Building] WARN  o.a.m.s.f.DefaultMavenResourcesFiltering - Using platform encoding (Cp1252 actually) to copy filtered resources, i.e. build is platform dependent!
2024-05-28 14:40:02,347 [Worker-40: Building] INFO  o.a.m.s.f.DefaultMavenResourcesFiltering - skip non existing resourceDirectory C:\Users\k4kis\Desktop\AssurityProject-Kishore\APITestingDemo\src\main\resources
2024-05-28 14:40:02,349 [Worker-40: Building] WARN  o.a.m.s.f.DefaultMavenResourcesFiltering - Using platform encoding (Cp1252 actually) to copy filtered resources, i.e. build is platform dependent!
2024-05-28 14:40:02,350 [Worker-40: Building] INFO  o.a.m.s.f.DefaultMavenResourcesFiltering - skip non existing resourceDirectory C:\Users\k4kis\Desktop\AssurityProject-Kishore\APITestingDemo\src\test\resources
2024-05-28 14:40:37,901 [Worker-40: Building] WARN  o.a.m.s.f.DefaultMavenResourcesFiltering - Using platform encoding (Cp1252 actually) to copy filtered resources, i.e. build is platform dependent!
2024-05-28 14:40:37,902 [Worker-40: Building] INFO  o.a.m.s.f.DefaultMavenResourcesFiltering - skip non existing resourceDirectory C:\Users\k4kis\Desktop\AssurityProject-Kishore\APITestingDemo\src\main\resources
2024-05-28 14:40:37,904 [Worker-40: Building] WARN  o.a.m.s.f.DefaultMavenResourcesFiltering - Using platform encoding (Cp1252 actually) to copy filtered resources, i.e. build is platform dependent!
2024-05-28 14:40:37,905 [Worker-40: Building] INFO  o.a.m.s.f.DefaultMavenResourcesFiltering - skip non existing resourceDirectory C:\Users\k4kis\Desktop\AssurityProject-Kishore\APITestingDemo\src\test\resources
2024-05-28 14:40:51,003 [Worker-41: Building] WARN  o.a.m.s.f.DefaultMavenResourcesFiltering - Using platform encoding (Cp1252 actually) to copy filtered resources, i.e. build is platform dependent!
2024-05-28 14:40:51,004 [Worker-41: Building] INFO  o.a.m.s.f.DefaultMavenResourcesFiltering - skip non existing resourceDirectory C:\Users\k4kis\Desktop\AssurityProject-Kishore\APITestingDemo\src\main\resources
2024-05-28 14:40:51,006 [Worker-41: Building] WARN  o.a.m.s.f.DefaultMavenResourcesFiltering - Using platform encoding (Cp1252 actually) to copy filtered resources, i.e. build is platform dependent!
2024-05-28 14:40:51,008 [Worker-41: Building] INFO  o.a.m.s.f.DefaultMavenResourcesFiltering - skip non existing resourceDirectory C:\Users\k4kis\Desktop\AssurityProject-Kishore\APITestingDemo\src\test\resources
2024-05-28 14:42:02,906 [Worker-36: Building] WARN  o.a.m.s.f.DefaultMavenResourcesFiltering - Using platform encoding (Cp1252 actually) to copy filtered resources, i.e. build is platform dependent!
2024-05-28 14:42:02,907 [Worker-36: Building] INFO  o.a.m.s.f.DefaultMavenResourcesFiltering - skip non existing resourceDirectory C:\Users\k4kis\Desktop\AssurityProject-Kishore\APITestingDemo\src\main\resources
2024-05-28 14:42:02,909 [Worker-36: Building] WARN  o.a.m.s.f.DefaultMavenResourcesFiltering - Using platform encoding (Cp1252 actually) to copy filtered resources, i.e. build is platform dependent!
2024-05-28 14:42:02,910 [Worker-36: Building] INFO  o.a.m.s.f.DefaultMavenResourcesFiltering - skip non existing resourceDirectory C:\Users\k4kis\Desktop\AssurityProject-Kishore\APITestingDemo\src\test\resources
2024-05-28 14:43:21,401 [Worker-42: Building] WARN  o.a.m.s.f.DefaultMavenResourcesFiltering - Using platform encoding (Cp1252 actually) to copy filtered resources, i.e. build is platform dependent!
2024-05-28 14:43:21,402 [Worker-42: Building] INFO  o.a.m.s.f.DefaultMavenResourcesFiltering - skip non existing resourceDirectory C:\Users\k4kis\Desktop\AssurityProject-Kishore\APITestingDemo\src\main\resources
2024-05-28 14:43:21,404 [Worker-42: Building] WARN  o.a.m.s.f.DefaultMavenResourcesFiltering - Using platform encoding (Cp1252 actually) to copy filtered resources, i.e. build is platform dependent!
2024-05-28 14:43:21,405 [Worker-42: Building] INFO  o.a.m.s.f.DefaultMavenResourcesFiltering - skip non existing resourceDirectory C:\Users\k4kis\Desktop\AssurityProject-Kishore\APITestingDemo\src\test\resources
2024-05-28 14:45:24,289 [Worker-45: Building] WARN  o.a.m.s.f.DefaultMavenResourcesFiltering - Using platform encoding (Cp1252 actually) to copy filtered resources, i.e. build is platform dependent!
2024-05-28 14:45:24,290 [Worker-45: Building] INFO  o.a.m.s.f.DefaultMavenResourcesFiltering - skip non existing resourceDirectory C:\Users\k4kis\Desktop\AssurityProject-Kishore\APITestingDemo\src\main\resources
2024-05-28 14:45:24,293 [Worker-45: Building] WARN  o.a.m.s.f.DefaultMavenResourcesFiltering - Using platform encoding (Cp1252 actually) to copy filtered resources, i.e. build is platform dependent!
2024-05-28 14:45:24,294 [Worker-45: Building] INFO  o.a.m.s.f.DefaultMavenResourcesFiltering - skip non existing resourceDirectory C:\Users\k4kis\Desktop\AssurityProject-Kishore\APITestingDemo\src\test\resources
2024-05-28 14:53:16,906 [Worker-42: Building] WARN  o.a.m.s.f.DefaultMavenResourcesFiltering - Using platform encoding (Cp1252 actually) to copy filtered resources, i.e. build is platform dependent!
2024-05-28 14:53:16,909 [Worker-42: Building] INFO  o.a.m.s.f.DefaultMavenResourcesFiltering - skip non existing resourceDirectory C:\Users\k4kis\Desktop\AssurityProject-Kishore\APITestingDemo\src\main\resources
2024-05-28 14:53:16,912 [Worker-42: Building] WARN  o.a.m.s.f.DefaultMavenResourcesFiltering - Using platform encoding (Cp1252 actually) to copy filtered resources, i.e. build is platform dependent!
2024-05-28 14:53:16,913 [Worker-42: Building] INFO  o.a.m.s.f.DefaultMavenResourcesFiltering - skip non existing resourceDirectory C:\Users\k4kis\Desktop\AssurityProject-Kishore\APITestingDemo\src\test\resources
